[03:55:17] [ServerMain/INFO]: [bootstrap] Running Java 21 (OpenJDK 64-Bit Server VM 21.0.5+11-Ubuntu-1ubuntu120.04; Ubuntu null) on Linux 6.5.0-1025-azure (amd64)
[03:55:17] [ServerMain/INFO]: [bootstrap] Loading Paper 1.21.1-57-master@b483da4 (2024-09-01T18:09:05Z) for Minecraft 1.21.1
[03:55:17] [ServerMain/INFO]: [PluginInitializerManager] Initializing plugins...
[03:55:18] [Paper Plugin Remapper Thread - 2/INFO]: [PluginRemapper] Remapping plugin 'plugins/OnePlayerSleep.jar'...
[03:55:19] [Paper Plugin Remapper Thread - 2/INFO]: [PluginRemapper] Done remapping plugin 'plugins/OnePlayerSleep.jar' in 1079ms.
[03:55:19] [ServerMain/INFO]: [PluginInitializerManager] Initialized 4 plugins
[03:55:19] [ServerMain/INFO]: [PluginInitializerManager] Bukkit plugins (4):
 - Geyser-Spigot (2.5.0-SNAPSHOT), OnePlayerSleep (1.3), ViaVersion (5.1.1), floodgate (2.2.3-SNAPSHOT (b114-83fbd6e))
[03:55:27] [ServerMain/INFO]: Environment: Environment[sessionHost=https://sessionserver.mojang.com, servicesHost=https://api.minecraftservices.com, name=PROD]
[03:55:30] [ServerMain/INFO]: Loaded 1290 recipes
[03:55:30] [ServerMain/INFO]: Loaded 1399 advancements
[03:55:30] [Server thread/INFO]: Starting minecraft server version 1.21.1
[03:55:30] [Server thread/INFO]: Loading properties
[03:55:31] [Server thread/INFO]: This server is running Paper version 1.21.1-57-master@b483da4 (2024-09-01T18:09:05Z) (Implementing API version 1.21.1-R0.1-SNAPSHOT)
[03:55:31] [Server thread/INFO]: [spark] This server bundles the spark profiler. For more information please visit https://docs.papermc.io/paper/profiling
[03:55:32] [Server thread/INFO]: Server Ping Player Sample Count: 12
[03:55:32] [Server thread/INFO]: Using 4 threads for Netty based IO
[03:55:33] [Server thread/INFO]: [ChunkTaskScheduler] Chunk system is using 1 I/O threads, 1 worker threads, and population gen parallelism of 1 threads
[03:55:33] [Server thread/INFO]: Default game type: SURVIVAL
[03:55:33] [Server thread/INFO]: Generating keypair
[03:55:33] [Server thread/INFO]: Starting Minecraft server on *:25565
[03:55:34] [Server thread/INFO]: Using epoll channel type
[03:55:34] [Server thread/INFO]: Paper: Using libdeflate (Linux x86_64) compression from Velocity.
[03:55:34] [Server thread/INFO]: Paper: Using OpenSSL 1.1.x (Linux x86_64) cipher from Velocity.
[03:55:36] [Server thread/WARN]: [org.bukkit.craftbukkit.legacy.CraftLegacy] Initializing Legacy Material Support. Unless you have legacy plugins and/or data this is a bug!
[03:55:46] [Server thread/WARN]: Legacy plugin OnePlayerSleep v1.3 does not specify an api-version.
[03:55:46] [Server thread/INFO]: [floodgate] Loading server plugin floodgate v2.2.3-SNAPSHOT (b114-83fbd6e)
[03:55:49] [Server thread/WARN]: [floodgate] en_ is not a supported Floodgate language.
[03:55:49] [Server thread/INFO]: [floodgate] Took 2,858ms to boot Floodgate
[03:55:49] [Server thread/INFO]: [ViaVersion] Loading server plugin ViaVersion v5.1.1
[03:55:49] [Server thread/INFO]: [ViaVersion] ViaVersion 5.1.1 is now loaded. Registering protocol transformers and injecting...
[03:55:51] [Via-Mappingloader-0/INFO]: [ViaVersion] Loading block connection mappings ...
[03:55:51] [Via-Mappingloader-0/INFO]: [ViaVersion] Using FastUtil Long2ObjectOpenHashMap for block connections
[03:55:53] [Server thread/INFO]: [OnePlayerSleep] Loading server plugin OnePlayerSleep v1.3
[03:55:53] [Server thread/INFO]: [Geyser-Spigot] Loading server plugin Geyser-Spigot v2.5.0-SNAPSHOT
[03:55:55] [Server thread/INFO]: [Geyser-Spigot] Loading extensions...
[03:55:55] [Server thread/INFO]: [Geyser-Spigot] Loaded 0 extension(s)
[03:55:55] [Server thread/INFO]: Server permissions file permissions.yml is empty, ignoring it
[03:55:55] [Server thread/WARN]: **** SERVER IS RUNNING IN OFFLINE/INSECURE MODE!
[03:55:55] [Server thread/WARN]: The server will make no attempt to authenticate usernames. Beware.
[03:55:55] [Server thread/WARN]: While this makes the game possible to play without internet access, it also opens up the ability for hackers to connect with any username they choose.
[03:55:55] [Server thread/WARN]: To change this, set "online-mode" to "true" in the server.properties file.
[03:55:55] [Server thread/INFO]: Preparing level "world"
[03:55:56] [Server thread/INFO]: Preparing start region for dimension minecraft:overworld
[03:55:58] [Server thread/INFO]: Time elapsed: 2412 ms
[03:55:58] [Server thread/INFO]: Preparing start region for dimension minecraft:the_nether
[03:55:59] [Server thread/INFO]: Time elapsed: 410 ms
[03:55:59] [Server thread/INFO]: Preparing start region for dimension minecraft:the_end
[03:55:59] [Server thread/INFO]: Time elapsed: 298 ms
[03:55:59] [Server thread/INFO]: [floodgate] Enabling floodgate v2.2.3-SNAPSHOT (b114-83fbd6e)
[03:56:01] [Server thread/INFO]: [ViaVersion] Enabling ViaVersion v5.1.1
[03:56:01] [Server thread/INFO]: [ViaVersion] ViaVersion detected server version: 1.21-1.21.1 (767)
[03:56:01] [Server thread/INFO]: [OnePlayerSleep] Enabling OnePlayerSleep v1.3*
[03:56:01] [Server thread/INFO]: [Geyser-Spigot] Enabling Geyser-Spigot v2.5.0-SNAPSHOT
[03:56:02] [Server thread/INFO]: [spark] Starting background profiler...
[03:56:03] [Server thread/INFO]: [Geyser-Spigot] ******************************************
[03:56:03] [Server thread/INFO]: [Geyser-Spigot] 
[03:56:03] [Server thread/INFO]: [Geyser-Spigot] Loading Geyser version 2.5.0-b716 (git-master-2ebce9c)
[03:56:03] [Server thread/INFO]: [Geyser-Spigot] 
[03:56:03] [Server thread/INFO]: [Geyser-Spigot] ******************************************
[03:56:15] [epollEventLoopGroup-3-1/INFO]: [Geyser-Spigot] Started Geyser on UDP port 1467
[03:56:16] [Server thread/INFO]: [Geyser-Spigot] Done (12.845s)! Run /geyser help for help!
[03:56:16] [Server thread/INFO]: Done preparing level "world" (21.173s)
[03:56:16] [Server thread/INFO]: Running delayed init tasks
[03:56:16] [Server thread/INFO]: Done (61.230s)! For help, type "help"
[03:56:16] [Server thread/INFO]: Timings Reset
[03:56:16] [Craft Scheduler Thread - 5 - ViaVersion/INFO]: [ViaVersion] Finished mapping loading, shutting down loader executor.
